<?xml version="1.0" encoding="UTF-8"?>
<testng-results ignored="0" total="1" passed="1" failed="0" skipped="0">
  <reporter-output>
    <line>
      <![CDATA[lunching browser]]>
    </line>
    <line>
      <![CDATA[lunching browser through TESTNG]]>
    </line>
    <line>
      <![CDATA[clickingon genderbutton 1st page]]>
    </line>
    <line>
      <![CDATA[clickingon clickonnextbutton 2nd page]]>
    </line>
    <line>
      <![CDATA[clickingon clickonNextbutton on 3rd page]]>
    </line>
    <line>
      <![CDATA[EnteringPincode page 4]]>
    </line>
    <line>
      <![CDATA[EnteringMobNo page 4]]>
    </line>
    <line>
      <![CDATA[ClickOnContinueButton page 4]]>
    </line>
    <line>
      <![CDATA[onStart Listner works]]>
    </line>
    <line>
      <![CDATA[tc is pass]]>
    </line>
    <line>
      <![CDATA[onTestSuccess Listner works]]>
    </line>
    <line>
      <![CDATA[closing browser]]>
    </line>
    <line>
      <![CDATA[close it from test as well]]>
    </line>
  </reporter-output>
  <suite started-at="2025-03-18T17:19:37 IST" name="Default suite" finished-at="2025-03-18T17:21:15 IST" duration-ms="98008">
    <groups>
    </groups>
    <test started-at="2025-03-18T17:19:37 IST" name="Default test" finished-at="2025-03-18T17:21:15 IST" duration-ms="98008">
      <class name="coverFoxTestClass.CoverFoxTestValidate">
        <test-method is-config="true" signature="lunchingbrowser()[pri:0, instance:coverFoxTestClass.CoverFoxTestValidate@3b0090a4]" started-at="2025-03-18T17:19:37 IST" name="lunchingbrowser" finished-at="2025-03-18T17:19:49 IST" duration-ms="11694" status="PASS">
          <reporter-output>
            <line>
              <![CDATA[lunching browser]]>
            </line>
            <line>
              <![CDATA[lunching browser through TESTNG]]>
            </line>
          </reporter-output>
        </test-method> <!-- lunchingbrowser -->
        <test-method is-config="true" signature="entermemberdetails()[pri:0, instance:coverFoxTestClass.CoverFoxTestValidate@3b0090a4]" started-at="2025-03-18T17:19:49 IST" name="entermemberdetails" finished-at="2025-03-18T17:20:54 IST" duration-ms="65285" status="PASS">
          <reporter-output>
            <line>
              <![CDATA[clickingon genderbutton 1st page]]>
            </line>
            <line>
              <![CDATA[clickingon clickonnextbutton 2nd page]]>
            </line>
            <line>
              <![CDATA[clickingon clickonNextbutton on 3rd page]]>
            </line>
            <line>
              <![CDATA[EnteringPincode page 4]]>
            </line>
            <line>
              <![CDATA[EnteringMobNo page 4]]>
            </line>
            <line>
              <![CDATA[ClickOnContinueButton page 4]]>
            </line>
          </reporter-output>
        </test-method> <!-- entermemberdetails -->
        <test-method signature="validateTestpalanfromTestAndBanner()[pri:0, instance:coverFoxTestClass.CoverFoxTestValidate@3b0090a4]" started-at="2025-03-18T17:20:54 IST" name="validateTestpalanfromTestAndBanner" finished-at="2025-03-18T17:21:13 IST" duration-ms="18670" status="PASS">
          <reporter-output>
            <line>
              <![CDATA[onStart Listner works]]>
            </line>
            <line>
              <![CDATA[tc is pass]]>
            </line>
            <line>
              <![CDATA[onTestSuccess Listner works]]>
            </line>
          </reporter-output>
        </test-method> <!-- validateTestpalanfromTestAndBanner -->
        <test-method is-config="true" signature="closingall()[pri:0, instance:coverFoxTestClass.CoverFoxTestValidate@3b0090a4]" started-at="2025-03-18T17:21:13 IST" name="closingall" finished-at="2025-03-18T17:21:15 IST" duration-ms="2261" status="PASS">
          <reporter-output>
            <line>
              <![CDATA[closing browser]]>
            </line>
            <line>
              <![CDATA[close it from test as well]]>
            </line>
          </reporter-output>
        </test-method> <!-- closingall -->
      </class> <!-- coverFoxTestClass.CoverFoxTestValidate -->
    </test> <!-- Default test -->
  </suite> <!-- Default suite -->
</testng-results>
